<?xml version="1.0" encoding="UTF-8"?>
<testng-results skipped="0" failed="1" ignored="6" total="10" passed="3">
  <reporter-output>
  </reporter-output>
  <suite name="Suite" duration-ms="4614" started-at="2021-02-23T15:02:51 IST" finished-at="2021-02-23T15:02:55 IST">
    <groups>
    </groups>
    <test name="Test" duration-ms="4614" started-at="2021-02-23T15:02:51 IST" finished-at="2021-02-23T15:02:55 IST">
      <class name="com.arikshaalertingsystem.scripts.ReadOrganization">
        <test-method status="PASS" signature="configBeforeSuite()[pri:0, instance:com.arikshaalertingsystem.scripts.ReadOrganization@396f6598]" name="configBeforeSuite" is-config="true" duration-ms="374" started-at="2021-02-23T15:02:50 IST" finished-at="2021-02-23T15:02:51 IST">
          <reporter-output>
          </reporter-output>
        </test-method> <!-- configBeforeSuite -->
        <test-method status="PASS" signature="readOrg()[pri:0, instance:com.arikshaalertingsystem.scripts.ReadOrganization@396f6598]" name="readOrg" duration-ms="2431" started-at="2021-02-23T15:02:51 IST" finished-at="2021-02-23T15:02:53 IST">
          <reporter-output>
          </reporter-output>
        </test-method> <!-- readOrg -->
        <test-method status="PASS" signature="configAfterSuite()[pri:0, instance:com.arikshaalertingsystem.scripts.ReadOrganization@396f6598]" name="configAfterSuite" is-config="true" duration-ms="1" started-at="2021-02-23T15:02:55 IST" finished-at="2021-02-23T15:02:55 IST">
          <reporter-output>
          </reporter-output>
        </test-method> <!-- configAfterSuite -->
      </class> <!-- com.arikshaalertingsystem.scripts.ReadOrganization -->
      <class name="com.arikshaalertingsystem.scripts.ReadConfig">
        <test-method status="PASS" signature="readConfiguration()[pri:0, instance:com.arikshaalertingsystem.scripts.ReadConfig@1d29cf23]" name="readConfiguration" duration-ms="589" started-at="2021-02-23T15:02:55 IST" finished-at="2021-02-23T15:02:55 IST">
          <reporter-output>
          </reporter-output>
        </test-method> <!-- readConfiguration -->
      </class> <!-- com.arikshaalertingsystem.scripts.ReadConfig -->
      <class name="com.arikshaalertingsystem.scripts.CreateOrganization">
        <test-method status="FAIL" signature="createOrg()[pri:0, instance:com.arikshaalertingsystem.scripts.CreateOrganization@27a5f880]" name="createOrg" duration-ms="608" started-at="2021-02-23T15:02:54 IST" finished-at="2021-02-23T15:02:55 IST">
          <exception class="java.lang.AssertionError">
            <message>
              <![CDATA[1 expectation failed.
Expected status code <200> but was <307>.
]]>
            </message>
            <full-stacktrace>
              <![CDATA[java.lang.AssertionError: 1 expectation failed.
Expected status code <200> but was <307>.

at sun.reflect.NativeConstructorAccessorImpl.newInstance0(Native Method)
at sun.reflect.NativeConstructorAccessorImpl.newInstance(NativeConstructorAccessorImpl.java:62)
at sun.reflect.DelegatingConstructorAccessorImpl.newInstance(DelegatingConstructorAccessorImpl.java:45)
at java.lang.reflect.Constructor.newInstance(Constructor.java:423)
at org.codehaus.groovy.reflection.CachedConstructor.invoke(CachedConstructor.java:83)
at org.codehaus.groovy.reflection.CachedConstructor.doConstructorInvoke(CachedConstructor.java:77)
at org.codehaus.groovy.runtime.callsite.ConstructorSite$ConstructorSiteNoUnwrap.callConstructor(ConstructorSite.java:84)
at org.codehaus.groovy.runtime.callsite.CallSiteArray.defaultCallConstructor(CallSiteArray.java:60)
at org.codehaus.groovy.runtime.callsite.AbstractCallSite.callConstructor(AbstractCallSite.java:235)
at org.codehaus.groovy.runtime.callsite.AbstractCallSite.callConstructor(AbstractCallSite.java:247)
at io.restassured.internal.ResponseSpecificationImpl$HamcrestAssertionClosure.validate(ResponseSpecificationImpl.groovy:471)
at io.restassured.internal.ResponseSpecificationImpl$HamcrestAssertionClosure$validate$1.call(Unknown Source)
at io.restassured.internal.ResponseSpecificationImpl.validateResponseIfRequired(ResponseSpecificationImpl.groovy:636)
at sun.reflect.NativeMethodAccessorImpl.invoke0(Native Method)
at sun.reflect.NativeMethodAccessorImpl.invoke(NativeMethodAccessorImpl.java:62)
at sun.reflect.DelegatingMethodAccessorImpl.invoke(DelegatingMethodAccessorImpl.java:43)
at java.lang.reflect.Method.invoke(Method.java:498)
at org.codehaus.groovy.runtime.callsite.PogoMetaMethodSite$PogoCachedMethodSiteNoUnwrapNoCoerce.invoke(PogoMetaMethodSite.java:210)
at org.codehaus.groovy.runtime.callsite.PogoMetaMethodSite.callCurrent(PogoMetaMethodSite.java:59)
at org.codehaus.groovy.runtime.callsite.AbstractCallSite.callCurrent(AbstractCallSite.java:166)
at io.restassured.internal.ResponseSpecificationImpl.statusCode(ResponseSpecificationImpl.groovy:122)
at io.restassured.specification.ResponseSpecification$statusCode$0.callCurrent(Unknown Source)
at io.restassured.internal.ResponseSpecificationImpl.statusCode(ResponseSpecificationImpl.groovy:130)
at io.restassured.internal.ValidatableResponseOptionsImpl.statusCode(ValidatableResponseOptionsImpl.java:117)
at com.arikshaalertingsystem.scripts.CreateOrganization.createOrg(CreateOrganization.java:32)
at sun.reflect.NativeMethodAccessorImpl.invoke0(Native Method)
at sun.reflect.NativeMethodAccessorImpl.invoke(NativeMethodAccessorImpl.java:62)
at sun.reflect.DelegatingMethodAccessorImpl.invoke(DelegatingMethodAccessorImpl.java:43)
at java.lang.reflect.Method.invoke(Method.java:498)
at org.testng.internal.MethodInvocationHelper.invokeMethod(MethodInvocationHelper.java:132)
at org.testng.internal.TestInvoker.invokeMethod(TestInvoker.java:599)
at org.testng.internal.TestInvoker.invokeTestMethod(TestInvoker.java:174)
at org.testng.internal.MethodRunner.runInSequence(MethodRunner.java:46)
at org.testng.internal.TestInvoker$MethodInvocationAgent.invoke(TestInvoker.java:822)
at org.testng.internal.TestInvoker.invokeTestMethods(TestInvoker.java:147)
at org.testng.internal.TestMethodWorker.invokeTestMethods(TestMethodWorker.java:146)
at org.testng.internal.TestMethodWorker.run(TestMethodWorker.java:128)
at java.util.ArrayList.forEach(ArrayList.java:1259)
at org.testng.TestRunner.privateRun(TestRunner.java:764)
at org.testng.TestRunner.run(TestRunner.java:585)
at org.testng.SuiteRunner.runTest(SuiteRunner.java:384)
at org.testng.SuiteRunner.runSequentially(SuiteRunner.java:378)
at org.testng.SuiteRunner.privateRun(SuiteRunner.java:337)
at org.testng.SuiteRunner.run(SuiteRunner.java:286)
at org.testng.SuiteRunnerWorker.runSuite(SuiteRunnerWorker.java:53)
at org.testng.SuiteRunnerWorker.run(SuiteRunnerWorker.java:96)
at org.testng.TestNG.runSuitesSequentially(TestNG.java:1218)
at org.testng.TestNG.runSuitesLocally(TestNG.java:1140)
at org.testng.TestNG.runSuites(TestNG.java:1069)
at org.testng.TestNG.run(TestNG.java:1037)
at org.testng.remote.AbstractRemoteTestNG.run(AbstractRemoteTestNG.java:115)
at org.testng.remote.RemoteTestNG.initAndRun(RemoteTestNG.java:251)
at org.testng.remote.RemoteTestNG.main(RemoteTestNG.java:77)
]]>
            </full-stacktrace>
          </exception> <!-- java.lang.AssertionError -->
          <reporter-output>
          </reporter-output>
        </test-method> <!-- createOrg -->
      </class> <!-- com.arikshaalertingsystem.scripts.CreateOrganization -->
      <class name="com.arikshaalertingsystem.scripts.CreateConfig">
        <test-method status="PASS" signature="createConfiguration()[pri:0, instance:com.arikshaalertingsystem.scripts.CreateConfig@394e1a0f]" name="createConfiguration" duration-ms="930" started-at="2021-02-23T15:02:53 IST" finished-at="2021-02-23T15:02:54 IST">
          <reporter-output>
          </reporter-output>
        </test-method> <!-- createConfiguration -->
      </class> <!-- com.arikshaalertingsystem.scripts.CreateConfig -->
    </test> <!-- Test -->
  </suite> <!-- Suite -->
</testng-results>
