<?xml version="1.0" encoding="UTF-8"?>
<!-- Generated by org.testng.reporters.JUnitXMLReporter -->
<testsuite hostname="DESKTOP-7D8EIBK" ignored="6" name="Test" tests="4" failures="1" timestamp="2021-02-23T15:02:55 IST" time="4.614" errors="0">
  <testcase name="readOrg" time="2.431" classname="com.arikshaalertingsystem.scripts.ReadOrganization"/>
  <testcase name="createConfiguration" time="0.93" classname="com.arikshaalertingsystem.scripts.CreateConfig"/>
  <testcase name="createOrg" time="0.608" classname="com.arikshaalertingsystem.scripts.CreateOrganization">
    <failure type="java.lang.AssertionError" message="1 expectation failed.
Expected status code &amp;lt;200&amp;gt; but was &amp;lt;307&amp;gt;.
">
      <![CDATA[java.lang.AssertionError: 1 expectation failed.
Expected status code <200> but was <307>.

at org.codehaus.groovy.runtime.callsite.ConstructorSite$ConstructorSiteNoUnwrap.callConstructor(ConstructorSite.java:84)
at org.codehaus.groovy.runtime.callsite.CallSiteArray.defaultCallConstructor(CallSiteArray.java:60)
at org.codehaus.groovy.runtime.callsite.AbstractCallSite.callConstructor(AbstractCallSite.java:235)
at org.codehaus.groovy.runtime.callsite.AbstractCallSite.callConstructor(AbstractCallSite.java:247)
at io.restassured.internal.ResponseSpecificationImpl$HamcrestAssertionClosure.validate(ResponseSpecificationImpl.groovy:471)
at io.restassured.internal.ResponseSpecificationImpl$HamcrestAssertionClosure$validate$1.call(Unknown Source)
at io.restassured.internal.ResponseSpecificationImpl.validateResponseIfRequired(ResponseSpecificationImpl.groovy:636)
at org.codehaus.groovy.runtime.callsite.PogoMetaMethodSite$PogoCachedMethodSiteNoUnwrapNoCoerce.invoke(PogoMetaMethodSite.java:210)
at org.codehaus.groovy.runtime.callsite.PogoMetaMethodSite.callCurrent(PogoMetaMethodSite.java:59)
at org.codehaus.groovy.runtime.callsite.AbstractCallSite.callCurrent(AbstractCallSite.java:166)
at io.restassured.internal.ResponseSpecificationImpl.statusCode(ResponseSpecificationImpl.groovy:122)
at io.restassured.specification.ResponseSpecification$statusCode$0.callCurrent(Unknown Source)
at io.restassured.internal.ResponseSpecificationImpl.statusCode(ResponseSpecificationImpl.groovy:130)
at io.restassured.internal.ValidatableResponseOptionsImpl.statusCode(ValidatableResponseOptionsImpl.java:117)
at com.arikshaalertingsystem.scripts.CreateOrganization.createOrg(CreateOrganization.java:32)
at java.util.ArrayList.forEach(ArrayList.java:1259)
... Removed 37 stack frames]]>
    </failure>
  </testcase> <!-- createOrg -->
  <testcase name="readConfiguration" time="0.589" classname="com.arikshaalertingsystem.scripts.ReadConfig"/>
  <testcase name="@BeforeSuite configBeforeSuite" time="0.0" classname="com.arikshaalertingsystem.generic.BaseApiClass">
    <ignored/>
  </testcase> <!-- @BeforeSuite configBeforeSuite -->
  <testcase name="@BeforeSuite configBeforeSuite" time="0.0" classname="com.arikshaalertingsystem.generic.BaseApiClass">
    <ignored/>
  </testcase> <!-- @BeforeSuite configBeforeSuite -->
  <testcase name="@BeforeSuite configBeforeSuite" time="0.0" classname="com.arikshaalertingsystem.generic.BaseApiClass">
    <ignored/>
  </testcase> <!-- @BeforeSuite configBeforeSuite -->
  <testcase name="@AfterSuite configAfterSuite" time="0.0" classname="com.arikshaalertingsystem.generic.BaseApiClass">
    <ignored/>
  </testcase> <!-- @AfterSuite configAfterSuite -->
  <testcase name="@AfterSuite configAfterSuite" time="0.0" classname="com.arikshaalertingsystem.generic.BaseApiClass">
    <ignored/>
  </testcase> <!-- @AfterSuite configAfterSuite -->
  <testcase name="@AfterSuite configAfterSuite" time="0.0" classname="com.arikshaalertingsystem.generic.BaseApiClass">
    <ignored/>
  </testcase> <!-- @AfterSuite configAfterSuite -->
</testsuite> <!-- Test -->
